<?xml version="1.0" encoding="UTF-8"?>
<!-- Generated by org.testng.reporters.JUnitXMLReporter -->
<testsuite ignored="2" hostname="LAPTOP-UDVUDSTA" failures="0" tests="2" name="Group Functionality" time="0.109" errors="0" timestamp="2024-08-13T21:27:20 WIB">
  <testcase classname="com.testng.training.TestCaseGrouping" name="testCaseOne" time="0.017"/>
  <testcase classname="com.testng.training.TestCaseGrouping" name="testCaseTwo" time="0.003"/>
  <testcase classname="com.testng.training.TestCaseGrouping" name="testCaseThree" time="0.0">
    <ignored/>
  </testcase> <!-- testCaseThree -->
  <testcase classname="com.testng.training.TestCaseGrouping" name="testCaseFour" time="0.0">
    <ignored/>
  </testcase> <!-- testCaseFour -->
</testsuite> <!-- Group Functionality -->
