<?xml version="1.0" encoding="UTF-8"?>
<!-- Generated by org.testng.reporters.JUnitXMLReporter -->
<testsuite ignored="0" hostname="LAPTOP-UDVUDSTA" failures="0" tests="2" name="Test Parameters via XML file" time="0.252" errors="0" timestamp="2024-08-15T21:12:00 WIB">
  <testcase classname="com.testng.training.testParamaters" name="testCaseOne" time="0.028"/>
  <testcase classname="com.testng.training.testParamaters" name="testCaseTwo" time="0.011"/>
</testsuite> <!-- Test Parameters via XML file -->
