<?xml version="1.0" encoding="UTF-8"?>
<!-- Generated by org.testng.reporters.JUnitXMLReporter -->
<testsuite ignored="0" hostname="LAPTOP-UDVUDSTA" failures="0" tests="4" name="Sample Test Case for Package" time="0.023" errors="0" timestamp="2024-08-09T09:16:50 WIB">
  <testcase classname="com.testng.training.SampleClassTwo" name="sampleTestOneMethodOne" time="0.002"/>
  <testcase classname="com.testng.training.SampleClassTwo" name="sampleTestOneMethodTwo" time="0.002"/>
  <testcase classname="com.testng.training.SampleTestOne" name="sampleTestOneMethodOne" time="0.003"/>
  <testcase classname="com.testng.training.SampleTestOne" name="sampleTestOneMethodTwo" time="0.003"/>
</testsuite> <!-- Sample Test Case for Package -->
