<?xml version="1.0" encoding="UTF-8"?>
<!-- Generated by org.testng.reporters.JUnitXMLReporter -->
<testsuite ignored="0" hostname="LAPTOP-UDVUDSTA" failures="0" tests="3" name="Unit Test" time="0.145" errors="0" timestamp="2024-08-27T08:12:41 WIB">
  <testcase classname="com.testng.dataprovider.dataProviderParameterExample" name="scenario1" time="0.028"/>
  <testcase classname="com.testng.dataprovider.dataProviderParameterExample" name="scenario2" time="0.003"/>
  <testcase classname="com.testng.dataprovider.dataProviderParameterExample" name="scenario3" time="0.003"/>
</testsuite> <!-- Unit Test -->
